2024-43-16 [INFO] com.example.demo.DemoForJpaApplication [restartedMain] Starting DemoForJpaApplication using Java 17.0.11 with PID 4220 (C:\Users\mtuta\Documents\workspace-spring-tool-suite-4-4.22.1.RELEASE\demoForJpa\target\classes started by mtuta in C:\Users\mtuta\Documents\workspace-spring-tool-suite-4-4.22.1.RELEASE\demoForJpa)
2024-43-16 [DEBUG] com.example.demo.DemoForJpaApplication [restartedMain] Running with Spring Boot v3.3.0, Spring v6.1.8
2024-43-16 [INFO] com.example.demo.DemoForJpaApplication [restartedMain] No active profile set, falling back to 1 default profile: "default"
2024-43-16 [INFO] org.springframework.boot.devtools.env.DevToolsPropertyDefaultsPostProcessor [restartedMain] Devtools property defaults active! Set 'spring.devtools.add-properties' to 'false' to disable
2024-43-16 [INFO] org.springframework.boot.devtools.env.DevToolsPropertyDefaultsPostProcessor [restartedMain] For additional web related logging consider setting the 'logging.level.web' property to 'DEBUG'
2024-43-16 [INFO] org.springframework.data.repository.config.RepositoryConfigurationDelegate [restartedMain] Bootstrapping Spring Data JPA repositories in DEFAULT mode.
2024-43-16 [INFO] org.springframework.data.repository.config.RepositoryConfigurationDelegate [restartedMain] Finished Spring Data repository scanning in 54 ms. Found 1 JPA repository interface.
2024-43-16 [INFO] org.springframework.boot.web.embedded.tomcat.TomcatWebServer [restartedMain] Tomcat initialized with port 8080 (http)
2024-43-16 [INFO] org.apache.catalina.core.StandardService [restartedMain] Starting service [Tomcat]
2024-43-16 [INFO] org.apache.catalina.core.StandardEngine [restartedMain] Starting Servlet engine: [Apache Tomcat/10.1.24]
2024-43-16 [INFO] org.apache.catalina.core.ContainerBase.[Tomcat].[localhost].[/] [restartedMain] Initializing Spring embedded WebApplicationContext
2024-43-16 [INFO] org.springframework.boot.web.servlet.context.ServletWebServerApplicationContext [restartedMain] Root WebApplicationContext: initialization completed in 1883 ms
2024-43-16 [INFO] org.hibernate.jpa.internal.util.LogHelper [restartedMain] HHH000204: Processing PersistenceUnitInfo [name: default]
2024-43-16 [INFO] org.hibernate.Version [restartedMain] HHH000412: Hibernate ORM core version 6.5.2.Final
2024-43-16 [INFO] org.hibernate.cache.internal.RegionFactoryInitiator [restartedMain] HHH000026: Second-level cache disabled
2024-43-16 [INFO] org.springframework.orm.jpa.persistenceunit.SpringPersistenceUnitInfo [restartedMain] No LoadTimeWeaver setup: ignoring JPA class transformer
2024-43-16 [INFO] com.zaxxer.hikari.HikariDataSource [restartedMain] HikariPool-1 - Starting...
2024-43-16 [INFO] com.zaxxer.hikari.pool.HikariPool [restartedMain] HikariPool-1 - Added connection com.mysql.cj.jdbc.ConnectionImpl@1dd53c01
2024-43-16 [INFO] com.zaxxer.hikari.HikariDataSource [restartedMain] HikariPool-1 - Start completed.
2024-44-16 [INFO] org.hibernate.engine.transaction.jta.platform.internal.JtaPlatformInitiator [restartedMain] HHH000489: No JTA platform available (set 'hibernate.transaction.jta.platform' to enable JTA platform integration)
2024-44-16 [INFO] org.springframework.orm.jpa.LocalContainerEntityManagerFactoryBean [restartedMain] Initialized JPA EntityManagerFactory for persistence unit 'default'
2024-44-16 [WARN] org.springframework.boot.autoconfigure.orm.jpa.JpaBaseConfiguration$JpaWebConfiguration [restartedMain] spring.jpa.open-in-view is enabled by default. Therefore, database queries may be performed during view rendering. Explicitly configure spring.jpa.open-in-view to disable this warning
2024-44-16 [WARN] org.springframework.boot.autoconfigure.security.servlet.UserDetailsServiceAutoConfiguration [restartedMain] 

Using generated security password: 8bc4f467-42c9-4457-9a12-665f60d319e1

This generated password is for development use only. Your security configuration must be updated before running your application in production.

2024-44-16 [INFO] org.springframework.security.config.annotation.authentication.configuration.InitializeUserDetailsBeanManagerConfigurer$InitializeUserDetailsManagerConfigurer [restartedMain] Global AuthenticationManager configured with UserDetailsService bean with name inMemoryUserDetailsManager
2024-44-16 [INFO] org.springframework.security.web.DefaultSecurityFilterChain [restartedMain] Will secure any request with [org.springframework.security.web.session.DisableEncodeUrlFilter@4eddc570, org.springframework.security.web.context.request.async.WebAsyncManagerIntegrationFilter@2157f3f9, org.springframework.security.web.context.SecurityContextHolderFilter@583d6171, org.springframework.security.web.header.HeaderWriterFilter@7eb34c26, org.springframework.web.filter.CorsFilter@25022128, org.springframework.security.web.csrf.CsrfFilter@3aec4a32, org.springframework.security.web.authentication.logout.LogoutFilter@36a8f20e, org.springframework.security.web.authentication.UsernamePasswordAuthenticationFilter@4a4c4cea, org.springframework.security.web.authentication.ui.DefaultLoginPageGeneratingFilter@67010639, org.springframework.security.web.authentication.ui.DefaultLogoutPageGeneratingFilter@460a2f2, org.springframework.security.web.authentication.www.BasicAuthenticationFilter@63319a88, org.springframework.security.web.savedrequest.RequestCacheAwareFilter@58e5a5bb, org.springframework.security.web.servletapi.SecurityContextHolderAwareRequestFilter@7069e04e, org.springframework.security.web.authentication.AnonymousAuthenticationFilter@2436114b, org.springframework.security.web.access.ExceptionTranslationFilter@5156ca5a, org.springframework.security.web.access.intercept.AuthorizationFilter@70cb38ce]
2024-44-16 [INFO] org.springframework.boot.devtools.autoconfigure.OptionalLiveReloadServer [restartedMain] LiveReload server is running on port 35729
2024-44-16 [INFO] org.springframework.boot.web.embedded.tomcat.TomcatWebServer [restartedMain] Tomcat started on port 8080 (http) with context path '/'
2024-44-16 [INFO] com.example.demo.DemoForJpaApplication [restartedMain] Started DemoForJpaApplication in 5.942 seconds (process running for 6.796)
2024-45-16 [INFO] org.apache.coyote.http11.Http11Processor [http-nio-8080-exec-1] Error parsing HTTP request header
 Note: further occurrences of HTTP request parsing errors will be logged at DEBUG level.
java.lang.IllegalArgumentException: Invalid character found in method name [0x160x030x010x060xd20x010x000x060xce0x030x030xb30xf50xd00x9e0x1dh0x97.0x92z0xc40xe9+0xc60xe60xcaz0x970x8eh1X0xe1T ]. HTTP method names must be tokens
	at org.apache.coyote.http11.Http11InputBuffer.parseRequestLine(Http11InputBuffer.java:407)
	at org.apache.coyote.http11.Http11Processor.service(Http11Processor.java:262)
	at org.apache.coyote.AbstractProcessorLight.process(AbstractProcessorLight.java:63)
	at org.apache.coyote.AbstractProtocol$ConnectionHandler.process(AbstractProtocol.java:896)
	at org.apache.tomcat.util.net.NioEndpoint$SocketProcessor.doRun(NioEndpoint.java:1741)
	at org.apache.tomcat.util.net.SocketProcessorBase.run(SocketProcessorBase.java:52)
	at org.apache.tomcat.util.threads.ThreadPoolExecutor.runWorker(ThreadPoolExecutor.java:1190)
	at org.apache.tomcat.util.threads.ThreadPoolExecutor$Worker.run(ThreadPoolExecutor.java:659)
	at org.apache.tomcat.util.threads.TaskThread$WrappingRunnable.run(TaskThread.java:63)
	at java.base/java.lang.Thread.run(Thread.java:840)
2024-45-16 [INFO] org.apache.coyote.http11.Http11Processor [http-nio-8080-exec-2] Error parsing HTTP request header
 Note: further occurrences of HTTP request parsing errors will be logged at DEBUG level.
java.lang.IllegalArgumentException: Invalid character found in method name [0x160x030x010x060xd20x010x000x060xce0x030x030x950xd60x1a0xaa30x8bv0xd760xd00x97[c0x1f0x920x840xc80xbe0xd3<D0xeag0xcc0xe70xca0x160xc30xfdZ|0xb9 ]. HTTP method names must be tokens
	at org.apache.coyote.http11.Http11InputBuffer.parseRequestLine(Http11InputBuffer.java:407)
	at org.apache.coyote.http11.Http11Processor.service(Http11Processor.java:262)
	at org.apache.coyote.AbstractProcessorLight.process(AbstractProcessorLight.java:63)
	at org.apache.coyote.AbstractProtocol$ConnectionHandler.process(AbstractProtocol.java:896)
	at org.apache.tomcat.util.net.NioEndpoint$SocketProcessor.doRun(NioEndpoint.java:1741)
	at org.apache.tomcat.util.net.SocketProcessorBase.run(SocketProcessorBase.java:52)
	at org.apache.tomcat.util.threads.ThreadPoolExecutor.runWorker(ThreadPoolExecutor.java:1190)
	at org.apache.tomcat.util.threads.ThreadPoolExecutor$Worker.run(ThreadPoolExecutor.java:659)
	at org.apache.tomcat.util.threads.TaskThread$WrappingRunnable.run(TaskThread.java:63)
	at java.base/java.lang.Thread.run(Thread.java:840)
2024-48-16 [INFO] org.apache.catalina.core.ContainerBase.[Tomcat].[localhost].[/] [http-nio-8080-exec-9] Initializing Spring DispatcherServlet 'dispatcherServlet'
2024-48-16 [INFO] org.springframework.web.servlet.DispatcherServlet [http-nio-8080-exec-9] Initializing Servlet 'dispatcherServlet'
2024-48-16 [INFO] org.springframework.web.servlet.DispatcherServlet [http-nio-8080-exec-9] Completed initialization in 2 ms
2024-49-16 [INFO] org.springdoc.api.AbstractOpenApiResource [http-nio-8080-exec-2] Init duration for springdoc-openapi is: 273 ms
2024-02-16 [INFO] org.springframework.boot.admin.SpringApplicationAdminMXBeanRegistrar$SpringApplicationAdmin [RMI TCP Connection(22)-127.0.0.1] Application shutdown requested.
2024-02-16 [INFO] org.springframework.orm.jpa.LocalContainerEntityManagerFactoryBean [RMI TCP Connection(22)-127.0.0.1] Closing JPA EntityManagerFactory for persistence unit 'default'
2024-02-16 [INFO] com.zaxxer.hikari.HikariDataSource [RMI TCP Connection(22)-127.0.0.1] HikariPool-1 - Shutdown initiated...
2024-02-16 [INFO] com.zaxxer.hikari.HikariDataSource [RMI TCP Connection(22)-127.0.0.1] HikariPool-1 - Shutdown completed.
